15:13:03,556  INFO StudentOperation,main:31 - Enter User ID: 
15:13:44,301  INFO StudentOperation,main:31 - Enter User ID: 
15:13:54,117  INFO StudentOperation,main:31 - Enter User ID: 
15:13:55,881  INFO StudentOperation,main:41 - Enter Username: 
15:13:58,381  INFO StudentOperation,main:44 - Enter Password: 
15:14:01,145  INFO StudentOperation,main:48 - Enter Email: 
15:14:05,732  INFO StudentOperation,main:52 - Enter Address: 
15:14:08,766  INFO StudentOperation,main:55 - Enter Age: 
15:14:10,754  INFO StudentOperation,main:58 - Enter Gender: 
15:14:12,728  INFO StudentOperation,main:61 - Enter Contact: 
15:14:15,608  INFO StudentOperation,main:65 - Enter Branch: 
15:14:17,869 DEBUG StudentDaoOperation,main:79 - Exception raised: Parameter index out of range (5 > number of parameters, which is 4).
15:17:47,921  INFO StudentOperation,main:31 - Enter User ID: 
15:17:52,806  INFO StudentOperation,main:41 - Enter Username: 
15:17:56,479  INFO StudentOperation,main:44 - Enter Password: 
15:17:59,041  INFO StudentOperation,main:48 - Enter Email: 
15:18:01,739  INFO StudentOperation,main:52 - Enter Address: 
15:18:03,936  INFO StudentOperation,main:55 - Enter Age: 
15:18:05,566  INFO StudentOperation,main:58 - Enter Gender: 
15:18:07,204  INFO StudentOperation,main:61 - Enter Contact: 
15:18:10,510  INFO StudentOperation,main:65 - Enter Branch: 
15:25:01,275  INFO CourseRegistrationOperation,main:51 - Displaying All Courses
15:25:03,125  INFO CourseRegistrationOperation,main:55 - Course Id:- 401
15:25:03,125  INFO CourseRegistrationOperation,main:56 - Course Name:- Programming Basic
15:25:03,126  INFO CourseRegistrationOperation,main:57 - Course Credits:- 5
15:25:03,126  INFO CourseRegistrationOperation,main:58 - Course Prerequisites:- Basic Maths
15:25:03,126  INFO CourseRegistrationOperation,main:59 - Course Professor Id:- 201
15:25:03,126  INFO CourseRegistrationOperation,main:60 - +++++++++++++++++++++++++++++++++++++++++++++++++++++++++
15:25:03,127  INFO CourseRegistrationOperation,main:55 - Course Id:- 402
15:25:03,127  INFO CourseRegistrationOperation,main:56 - Course Name:- DS
15:25:03,127  INFO CourseRegistrationOperation,main:57 - Course Credits:- 5
15:25:03,127  INFO CourseRegistrationOperation,main:58 - Course Prerequisites:- Programming Basic
15:25:03,128  INFO CourseRegistrationOperation,main:59 - Course Professor Id:- 201
15:25:03,128  INFO CourseRegistrationOperation,main:60 - +++++++++++++++++++++++++++++++++++++++++++++++++++++++++
15:25:03,128  INFO CourseRegistrationOperation,main:55 - Course Id:- 403
15:25:03,129  INFO CourseRegistrationOperation,main:56 - Course Name:- Algo
15:25:03,129  INFO CourseRegistrationOperation,main:57 - Course Credits:- 5
15:25:03,129  INFO CourseRegistrationOperation,main:58 - Course Prerequisites:- DS
15:25:03,129  INFO CourseRegistrationOperation,main:59 - Course Professor Id:- 201
15:25:03,129  INFO CourseRegistrationOperation,main:60 - +++++++++++++++++++++++++++++++++++++++++++++++++++++++++
15:25:03,129  INFO CourseRegistrationOperation,main:55 - Course Id:- 404
15:25:03,129  INFO CourseRegistrationOperation,main:56 - Course Name:- Digital Electronis
15:25:03,130  INFO CourseRegistrationOperation,main:57 - Course Credits:- 5
15:25:03,130  INFO CourseRegistrationOperation,main:58 - Course Prerequisites:- NA
15:25:03,131  INFO CourseRegistrationOperation,main:59 - Course Professor Id:- 202
15:25:03,131  INFO CourseRegistrationOperation,main:60 - +++++++++++++++++++++++++++++++++++++++++++++++++++++++++
15:25:03,131  INFO CourseRegistrationOperation,main:55 - Course Id:- 405
15:25:03,131  INFO CourseRegistrationOperation,main:56 - Course Name:- Signal and systems
15:25:03,131  INFO CourseRegistrationOperation,main:57 - Course Credits:- 5
15:25:03,131  INFO CourseRegistrationOperation,main:58 - Course Prerequisites:- NA
15:25:03,131  INFO CourseRegistrationOperation,main:59 - Course Professor Id:- 202
15:25:03,132  INFO CourseRegistrationOperation,main:60 - +++++++++++++++++++++++++++++++++++++++++++++++++++++++++
15:25:03,132  INFO CourseRegistrationOperation,main:55 - Course Id:- 406
15:25:03,132  INFO CourseRegistrationOperation,main:56 - Course Name:- Communication
15:25:03,132  INFO CourseRegistrationOperation,main:57 - Course Credits:- 5
15:25:03,132  INFO CourseRegistrationOperation,main:58 - Course Prerequisites:- NA
15:25:03,132  INFO CourseRegistrationOperation,main:59 - Course Professor Id:- 202
15:25:03,133  INFO CourseRegistrationOperation,main:60 - +++++++++++++++++++++++++++++++++++++++++++++++++++++++++
15:25:03,133  INFO CourseRegistrationOperation,main:55 - Course Id:- 407
15:25:03,133  INFO CourseRegistrationOperation,main:56 - Course Name:- DM
15:25:03,133  INFO CourseRegistrationOperation,main:57 - Course Credits:- 5
15:25:03,133  INFO CourseRegistrationOperation,main:58 - Course Prerequisites:- Basic Maths
15:25:03,133  INFO CourseRegistrationOperation,main:59 - Course Professor Id:- 0
15:25:03,133  INFO CourseRegistrationOperation,main:60 - +++++++++++++++++++++++++++++++++++++++++++++++++++++++++
15:25:03,134  INFO CourseRegistrationOperation,main:55 - Course Id:- 408
15:25:03,134  INFO CourseRegistrationOperation,main:56 - Course Name:- CN
15:25:03,134  INFO CourseRegistrationOperation,main:57 - Course Credits:- 5
15:25:03,134  INFO CourseRegistrationOperation,main:58 - Course Prerequisites:- Basic Maths
15:25:03,134  INFO CourseRegistrationOperation,main:59 - Course Professor Id:- 0
15:25:03,134  INFO CourseRegistrationOperation,main:60 - +++++++++++++++++++++++++++++++++++++++++++++++++++++++++
15:25:19,962  INFO CourseRegistrationOperation,main:38 - Register Courses for User 101
15:25:20,009  INFO CourseRegistrationOperation,main:43 - Course Id:-401	Course Name:-Programming Basic
15:25:20,029  INFO CourseRegistrationOperation,main:43 - Course Id:-402	Course Name:-DS
15:25:20,051  INFO CourseRegistrationOperation,main:43 - Course Id:-403	Course Name:-Algo
15:25:20,072  INFO CourseRegistrationOperation,main:43 - Course Id:-404	Course Name:-Digital Electronis
15:25:20,072  INFO CourseRegistrationOperation,main:46 - +++++++++++++++++++++++++++++++++++++++++++++++++++++++
15:25:24,123  INFO GradeCardOperation,main:40 - Grade Card
15:25:24,124  INFO GradeCardOperation,main:41 - User ID:-101
15:25:24,124  INFO GradeCardOperation,main:43 - Course ID:-401 Grade:-NA
15:25:24,124  INFO GradeCardOperation,main:43 - Course ID:-402 Grade:-NA
15:25:24,125  INFO GradeCardOperation,main:43 - Course ID:-403 Grade:-NA
15:25:24,125  INFO GradeCardOperation,main:43 - Course ID:-404 Grade:-NA
15:25:30,265  INFO CourseRegistrationOperation,main:74 - Enter id of course to remove
15:25:43,883  INFO CourseRegistrationOperation,main:74 - Enter id of course to remove
15:26:04,991  INFO CourseRegistrationOperation,main:74 - Enter id of course to remove
15:26:06,814  INFO CourseRegistrationOperation,main:83 - Course Successfully Dropped
15:26:12,447  INFO CourseRegistrationOperation,main:103 - Enter id of course to add
15:26:22,621  INFO CourseRegistrationOperation,main:103 - Enter id of course to add
15:26:37,160  INFO CourseRegistrationOperation,main:103 - Enter id of course to add
15:27:10,250  INFO CourseRegistrationOperation,main:51 - Displaying All Courses
15:27:10,452  INFO CourseRegistrationOperation,main:55 - Course Id:- 401
15:27:10,452  INFO CourseRegistrationOperation,main:56 - Course Name:- Programming Basic
15:27:10,452  INFO CourseRegistrationOperation,main:57 - Course Credits:- 5
15:27:10,452  INFO CourseRegistrationOperation,main:58 - Course Prerequisites:- Basic Maths
15:27:10,452  INFO CourseRegistrationOperation,main:59 - Course Professor Id:- 201
15:27:10,452  INFO CourseRegistrationOperation,main:60 - +++++++++++++++++++++++++++++++++++++++++++++++++++++++++
15:27:10,452  INFO CourseRegistrationOperation,main:55 - Course Id:- 402
15:27:10,453  INFO CourseRegistrationOperation,main:56 - Course Name:- DS
15:27:10,453  INFO CourseRegistrationOperation,main:57 - Course Credits:- 5
15:27:10,453  INFO CourseRegistrationOperation,main:58 - Course Prerequisites:- Programming Basic
15:27:10,453  INFO CourseRegistrationOperation,main:59 - Course Professor Id:- 201
15:27:10,453  INFO CourseRegistrationOperation,main:60 - +++++++++++++++++++++++++++++++++++++++++++++++++++++++++
15:27:10,453  INFO CourseRegistrationOperation,main:55 - Course Id:- 403
15:27:10,453  INFO CourseRegistrationOperation,main:56 - Course Name:- Algo
15:27:10,453  INFO CourseRegistrationOperation,main:57 - Course Credits:- 5
15:27:10,453  INFO CourseRegistrationOperation,main:58 - Course Prerequisites:- DS
15:27:10,454  INFO CourseRegistrationOperation,main:59 - Course Professor Id:- 201
15:27:10,454  INFO CourseRegistrationOperation,main:60 - +++++++++++++++++++++++++++++++++++++++++++++++++++++++++
15:27:10,454  INFO CourseRegistrationOperation,main:55 - Course Id:- 404
15:27:10,454  INFO CourseRegistrationOperation,main:56 - Course Name:- Digital Electronis
15:27:10,455  INFO CourseRegistrationOperation,main:57 - Course Credits:- 5
15:27:10,455  INFO CourseRegistrationOperation,main:58 - Course Prerequisites:- NA
15:27:10,455  INFO CourseRegistrationOperation,main:59 - Course Professor Id:- 202
15:27:10,455  INFO CourseRegistrationOperation,main:60 - +++++++++++++++++++++++++++++++++++++++++++++++++++++++++
15:27:10,455  INFO CourseRegistrationOperation,main:55 - Course Id:- 405
15:27:10,455  INFO CourseRegistrationOperation,main:56 - Course Name:- Signal and systems
15:27:10,456  INFO CourseRegistrationOperation,main:57 - Course Credits:- 5
15:27:10,456  INFO CourseRegistrationOperation,main:58 - Course Prerequisites:- NA
15:27:10,456  INFO CourseRegistrationOperation,main:59 - Course Professor Id:- 202
15:27:10,456  INFO CourseRegistrationOperation,main:60 - +++++++++++++++++++++++++++++++++++++++++++++++++++++++++
15:27:10,457  INFO CourseRegistrationOperation,main:55 - Course Id:- 406
15:27:10,457  INFO CourseRegistrationOperation,main:56 - Course Name:- Communication
15:27:10,457  INFO CourseRegistrationOperation,main:57 - Course Credits:- 5
15:27:10,458  INFO CourseRegistrationOperation,main:58 - Course Prerequisites:- NA
15:27:10,458  INFO CourseRegistrationOperation,main:59 - Course Professor Id:- 202
15:27:10,463  INFO CourseRegistrationOperation,main:60 - +++++++++++++++++++++++++++++++++++++++++++++++++++++++++
15:27:10,463  INFO CourseRegistrationOperation,main:55 - Course Id:- 407
15:27:10,463  INFO CourseRegistrationOperation,main:56 - Course Name:- DM
15:27:10,463  INFO CourseRegistrationOperation,main:57 - Course Credits:- 5
15:27:10,463  INFO CourseRegistrationOperation,main:58 - Course Prerequisites:- Basic Maths
15:27:10,463  INFO CourseRegistrationOperation,main:59 - Course Professor Id:- 0
15:27:10,464  INFO CourseRegistrationOperation,main:60 - +++++++++++++++++++++++++++++++++++++++++++++++++++++++++
15:27:10,464  INFO CourseRegistrationOperation,main:55 - Course Id:- 408
15:27:10,464  INFO CourseRegistrationOperation,main:56 - Course Name:- CN
15:27:10,464  INFO CourseRegistrationOperation,main:57 - Course Credits:- 5
15:27:10,464  INFO CourseRegistrationOperation,main:58 - Course Prerequisites:- Basic Maths
15:27:10,464  INFO CourseRegistrationOperation,main:59 - Course Professor Id:- 0
15:27:10,464  INFO CourseRegistrationOperation,main:60 - +++++++++++++++++++++++++++++++++++++++++++++++++++++++++
15:27:19,246  INFO AdminOperation,main:37 - Enter Course ID to add: 
15:27:28,801  INFO AdminOperation,main:39 - Enter Course Name to add: 
15:27:31,822  INFO AdminOperation,main:41 - Enter Course Credits: 
15:27:36,952  INFO AdminOperation,main:37 - Enter Course ID to add: 
15:27:42,561  INFO AdminOperation,main:39 - Enter Course Name to add: 
15:27:46,848  INFO AdminOperation,main:41 - Enter Course Credits: 
15:27:52,134  INFO CourseRegistrationOperation,main:51 - Displaying All Courses
15:27:52,407  INFO CourseRegistrationOperation,main:55 - Course Id:- 401
15:27:52,407  INFO CourseRegistrationOperation,main:56 - Course Name:- Programming Basic
15:27:52,407  INFO CourseRegistrationOperation,main:57 - Course Credits:- 5
15:27:52,407  INFO CourseRegistrationOperation,main:58 - Course Prerequisites:- Basic Maths
15:27:52,407  INFO CourseRegistrationOperation,main:59 - Course Professor Id:- 201
15:27:52,407  INFO CourseRegistrationOperation,main:60 - +++++++++++++++++++++++++++++++++++++++++++++++++++++++++
15:27:52,407  INFO CourseRegistrationOperation,main:55 - Course Id:- 402
15:27:52,407  INFO CourseRegistrationOperation,main:56 - Course Name:- DS
15:27:52,408  INFO CourseRegistrationOperation,main:57 - Course Credits:- 5
15:27:52,408  INFO CourseRegistrationOperation,main:58 - Course Prerequisites:- Programming Basic
15:27:52,408  INFO CourseRegistrationOperation,main:59 - Course Professor Id:- 201
15:27:52,408  INFO CourseRegistrationOperation,main:60 - +++++++++++++++++++++++++++++++++++++++++++++++++++++++++
15:27:52,408  INFO CourseRegistrationOperation,main:55 - Course Id:- 403
15:27:52,408  INFO CourseRegistrationOperation,main:56 - Course Name:- Algo
15:27:52,408  INFO CourseRegistrationOperation,main:57 - Course Credits:- 5
15:27:52,408  INFO CourseRegistrationOperation,main:58 - Course Prerequisites:- DS
15:27:52,408  INFO CourseRegistrationOperation,main:59 - Course Professor Id:- 201
15:27:52,408  INFO CourseRegistrationOperation,main:60 - +++++++++++++++++++++++++++++++++++++++++++++++++++++++++
15:27:52,408  INFO CourseRegistrationOperation,main:55 - Course Id:- 404
15:27:52,409  INFO CourseRegistrationOperation,main:56 - Course Name:- Digital Electronis
15:27:52,409  INFO CourseRegistrationOperation,main:57 - Course Credits:- 5
15:27:52,409  INFO CourseRegistrationOperation,main:58 - Course Prerequisites:- NA
15:27:52,409  INFO CourseRegistrationOperation,main:59 - Course Professor Id:- 202
15:27:52,409  INFO CourseRegistrationOperation,main:60 - +++++++++++++++++++++++++++++++++++++++++++++++++++++++++
15:27:52,409  INFO CourseRegistrationOperation,main:55 - Course Id:- 405
15:27:52,409  INFO CourseRegistrationOperation,main:56 - Course Name:- Signal and systems
15:27:52,409  INFO CourseRegistrationOperation,main:57 - Course Credits:- 5
15:27:52,409  INFO CourseRegistrationOperation,main:58 - Course Prerequisites:- NA
15:27:52,409  INFO CourseRegistrationOperation,main:59 - Course Professor Id:- 202
15:27:52,409  INFO CourseRegistrationOperation,main:60 - +++++++++++++++++++++++++++++++++++++++++++++++++++++++++
15:27:52,410  INFO CourseRegistrationOperation,main:55 - Course Id:- 406
15:27:52,410  INFO CourseRegistrationOperation,main:56 - Course Name:- Communication
15:27:52,410  INFO CourseRegistrationOperation,main:57 - Course Credits:- 5
15:27:52,410  INFO CourseRegistrationOperation,main:58 - Course Prerequisites:- NA
15:27:52,410  INFO CourseRegistrationOperation,main:59 - Course Professor Id:- 202
15:27:52,410  INFO CourseRegistrationOperation,main:60 - +++++++++++++++++++++++++++++++++++++++++++++++++++++++++
15:27:52,410  INFO CourseRegistrationOperation,main:55 - Course Id:- 407
15:27:52,410  INFO CourseRegistrationOperation,main:56 - Course Name:- DM
15:27:52,410  INFO CourseRegistrationOperation,main:57 - Course Credits:- 5
15:27:52,410  INFO CourseRegistrationOperation,main:58 - Course Prerequisites:- Basic Maths
15:27:52,410  INFO CourseRegistrationOperation,main:59 - Course Professor Id:- 0
15:27:52,410  INFO CourseRegistrationOperation,main:60 - +++++++++++++++++++++++++++++++++++++++++++++++++++++++++
15:27:52,410  INFO CourseRegistrationOperation,main:55 - Course Id:- 408
15:27:52,411  INFO CourseRegistrationOperation,main:56 - Course Name:- CN
15:27:52,411  INFO CourseRegistrationOperation,main:57 - Course Credits:- 5
15:27:52,411  INFO CourseRegistrationOperation,main:58 - Course Prerequisites:- Basic Maths
15:27:52,411  INFO CourseRegistrationOperation,main:59 - Course Professor Id:- 0
15:27:52,411  INFO CourseRegistrationOperation,main:60 - +++++++++++++++++++++++++++++++++++++++++++++++++++++++++
15:27:52,411  INFO CourseRegistrationOperation,main:55 - Course Id:- 409
15:27:52,411  INFO CourseRegistrationOperation,main:56 - Course Name:- sdd
15:27:52,411  INFO CourseRegistrationOperation,main:57 - Course Credits:- 5
15:27:52,411  INFO CourseRegistrationOperation,main:58 - Course Prerequisites:- NA
15:27:52,411  INFO CourseRegistrationOperation,main:59 - Course Professor Id:- 0
15:27:52,412  INFO CourseRegistrationOperation,main:60 - +++++++++++++++++++++++++++++++++++++++++++++++++++++++++
15:27:58,282  INFO AdminOperation,main:55 - Enter Course ID to drop: 
15:28:00,191 ERROR AdminDaoOperation,main:76 - Course ID does not exist
15:28:07,884  INFO AdminOperation,main:55 - Enter Course ID to drop: 
15:28:13,708  INFO CourseRegistrationOperation,main:51 - Displaying All Courses
15:28:13,887  INFO CourseRegistrationOperation,main:55 - Course Id:- 402
15:28:13,888  INFO CourseRegistrationOperation,main:56 - Course Name:- DS
15:28:13,888  INFO CourseRegistrationOperation,main:57 - Course Credits:- 5
15:28:13,888  INFO CourseRegistrationOperation,main:58 - Course Prerequisites:- Programming Basic
15:28:13,888  INFO CourseRegistrationOperation,main:59 - Course Professor Id:- 201
15:28:13,888  INFO CourseRegistrationOperation,main:60 - +++++++++++++++++++++++++++++++++++++++++++++++++++++++++
15:28:13,888  INFO CourseRegistrationOperation,main:55 - Course Id:- 403
15:28:13,888  INFO CourseRegistrationOperation,main:56 - Course Name:- Algo
15:28:13,888  INFO CourseRegistrationOperation,main:57 - Course Credits:- 5
15:28:13,888  INFO CourseRegistrationOperation,main:58 - Course Prerequisites:- DS
15:28:13,889  INFO CourseRegistrationOperation,main:59 - Course Professor Id:- 201
15:28:13,889  INFO CourseRegistrationOperation,main:60 - +++++++++++++++++++++++++++++++++++++++++++++++++++++++++
15:28:13,889  INFO CourseRegistrationOperation,main:55 - Course Id:- 404
15:28:13,889  INFO CourseRegistrationOperation,main:56 - Course Name:- Digital Electronis
15:28:13,889  INFO CourseRegistrationOperation,main:57 - Course Credits:- 5
15:28:13,889  INFO CourseRegistrationOperation,main:58 - Course Prerequisites:- NA
15:28:13,890  INFO CourseRegistrationOperation,main:59 - Course Professor Id:- 202
15:28:13,890  INFO CourseRegistrationOperation,main:60 - +++++++++++++++++++++++++++++++++++++++++++++++++++++++++
15:28:13,891  INFO CourseRegistrationOperation,main:55 - Course Id:- 405
15:28:13,891  INFO CourseRegistrationOperation,main:56 - Course Name:- Signal and systems
15:28:13,892  INFO CourseRegistrationOperation,main:57 - Course Credits:- 5
15:28:13,892  INFO CourseRegistrationOperation,main:58 - Course Prerequisites:- NA
15:28:13,893  INFO CourseRegistrationOperation,main:59 - Course Professor Id:- 202
15:28:13,893  INFO CourseRegistrationOperation,main:60 - +++++++++++++++++++++++++++++++++++++++++++++++++++++++++
15:28:13,893  INFO CourseRegistrationOperation,main:55 - Course Id:- 406
15:28:13,893  INFO CourseRegistrationOperation,main:56 - Course Name:- Communication
15:28:13,893  INFO CourseRegistrationOperation,main:57 - Course Credits:- 5
15:28:13,894  INFO CourseRegistrationOperation,main:58 - Course Prerequisites:- NA
15:28:13,894  INFO CourseRegistrationOperation,main:59 - Course Professor Id:- 202
15:28:13,894  INFO CourseRegistrationOperation,main:60 - +++++++++++++++++++++++++++++++++++++++++++++++++++++++++
15:28:13,894  INFO CourseRegistrationOperation,main:55 - Course Id:- 407
15:28:13,894  INFO CourseRegistrationOperation,main:56 - Course Name:- DM
15:28:13,895  INFO CourseRegistrationOperation,main:57 - Course Credits:- 5
15:28:13,895  INFO CourseRegistrationOperation,main:58 - Course Prerequisites:- Basic Maths
15:28:13,895  INFO CourseRegistrationOperation,main:59 - Course Professor Id:- 0
15:28:13,895  INFO CourseRegistrationOperation,main:60 - +++++++++++++++++++++++++++++++++++++++++++++++++++++++++
15:28:13,895  INFO CourseRegistrationOperation,main:55 - Course Id:- 408
15:28:13,895  INFO CourseRegistrationOperation,main:56 - Course Name:- CN
15:28:13,895  INFO CourseRegistrationOperation,main:57 - Course Credits:- 5
15:28:13,896  INFO CourseRegistrationOperation,main:58 - Course Prerequisites:- Basic Maths
15:28:13,896  INFO CourseRegistrationOperation,main:59 - Course Professor Id:- 0
15:28:13,896  INFO CourseRegistrationOperation,main:60 - +++++++++++++++++++++++++++++++++++++++++++++++++++++++++
15:28:13,896  INFO CourseRegistrationOperation,main:55 - Course Id:- 409
15:28:13,896  INFO CourseRegistrationOperation,main:56 - Course Name:- sdd
15:28:13,896  INFO CourseRegistrationOperation,main:57 - Course Credits:- 5
15:28:13,897  INFO CourseRegistrationOperation,main:58 - Course Prerequisites:- NA
15:28:13,897  INFO CourseRegistrationOperation,main:59 - Course Professor Id:- 0
15:28:13,897  INFO CourseRegistrationOperation,main:60 - +++++++++++++++++++++++++++++++++++++++++++++++++++++++++
15:28:23,934  INFO AdminOperation,main:37 - Enter Course ID to add: 
15:28:26,150  INFO AdminOperation,main:39 - Enter Course Name to add: 
15:28:30,323  INFO AdminOperation,main:41 - Enter Course Credits: 
15:28:35,197  INFO AdminOperation,main:63 - List of Unapproved Students
15:28:35,197  INFO AdminOperation,main:65 - 110
15:28:35,198  INFO AdminOperation,main:68 - Enter User ID to approve: 
15:28:46,227  INFO AdminOperation,main:63 - List of Unapproved Students
15:28:46,227  INFO AdminOperation,main:65 - 110
15:28:46,228  INFO AdminOperation,main:68 - Enter User ID to approve: 
15:28:56,592  INFO AdminOperation,main:79 - Enter User ID: 
15:29:06,837 ERROR AdminOperation,main:86 - User already exists with this userId
15:29:13,085  INFO AdminOperation,main:79 - Enter User ID: 
15:29:15,273  INFO AdminOperation,main:97 - Enter Username: 
15:29:18,000  INFO AdminOperation,main:100 - Enter Password: 
15:29:21,766  INFO AdminOperation,main:104 - Enter Email: 
15:29:24,423  INFO AdminOperation,main:108 - Enter Address: 
15:29:26,583  INFO AdminOperation,main:111 - Enter Age: 
15:29:28,582  INFO AdminOperation,main:114 - Enter Gender: 
15:29:31,291  INFO AdminOperation,main:117 - Enter Contact: 
15:29:33,293  INFO AdminOperation,main:120 - Enter Department: 
15:30:08,081  INFO AdminOperation,main:129 - Enter User ID of professor: 
15:30:11,595  INFO CourseRegistrationOperation,main:196 - Available Courses
15:30:11,595  INFO CourseRegistrationOperation,main:199 - Course Id:- 401
15:30:11,595  INFO CourseRegistrationOperation,main:200 - Course Name:- fsdf
15:30:11,595  INFO CourseRegistrationOperation,main:201 - Course Credits:- 5
15:30:11,595  INFO CourseRegistrationOperation,main:202 - Course Prerequisites:- NA
15:30:11,595  INFO CourseRegistrationOperation,main:203 - +++++++++++++++++++++++++++++++++++++++++++++++++++++++++
15:30:11,595  INFO CourseRegistrationOperation,main:199 - Course Id:- 407
15:30:11,596  INFO CourseRegistrationOperation,main:200 - Course Name:- DM
15:30:11,596  INFO CourseRegistrationOperation,main:201 - Course Credits:- 5
15:30:11,596  INFO CourseRegistrationOperation,main:202 - Course Prerequisites:- Basic Maths
15:30:11,596  INFO CourseRegistrationOperation,main:203 - +++++++++++++++++++++++++++++++++++++++++++++++++++++++++
15:30:11,596  INFO CourseRegistrationOperation,main:199 - Course Id:- 408
15:30:11,596  INFO CourseRegistrationOperation,main:200 - Course Name:- CN
15:30:11,596  INFO CourseRegistrationOperation,main:201 - Course Credits:- 5
15:30:11,597  INFO CourseRegistrationOperation,main:202 - Course Prerequisites:- Basic Maths
15:30:11,597  INFO CourseRegistrationOperation,main:203 - +++++++++++++++++++++++++++++++++++++++++++++++++++++++++
15:30:11,597  INFO CourseRegistrationOperation,main:199 - Course Id:- 409
15:30:11,597  INFO CourseRegistrationOperation,main:200 - Course Name:- sdd
15:30:11,597  INFO CourseRegistrationOperation,main:201 - Course Credits:- 5
15:30:11,597  INFO CourseRegistrationOperation,main:202 - Course Prerequisites:- NA
15:30:11,597  INFO CourseRegistrationOperation,main:203 - +++++++++++++++++++++++++++++++++++++++++++++++++++++++++
15:30:11,598  INFO CourseRegistrationOperation,main:206 - Enter Course ID to register
15:30:25,178  INFO CourseRegistrationOperation,main:51 - Displaying All Courses
15:30:25,374  INFO CourseRegistrationOperation,main:55 - Course Id:- 401
15:30:25,374  INFO CourseRegistrationOperation,main:56 - Course Name:- fsdf
15:30:25,374  INFO CourseRegistrationOperation,main:57 - Course Credits:- 5
15:30:25,374  INFO CourseRegistrationOperation,main:58 - Course Prerequisites:- NA
15:30:25,375  INFO CourseRegistrationOperation,main:59 - Course Professor Id:- 0
15:30:25,375  INFO CourseRegistrationOperation,main:60 - +++++++++++++++++++++++++++++++++++++++++++++++++++++++++
15:30:25,375  INFO CourseRegistrationOperation,main:55 - Course Id:- 402
15:30:25,375  INFO CourseRegistrationOperation,main:56 - Course Name:- DS
15:30:25,375  INFO CourseRegistrationOperation,main:57 - Course Credits:- 5
15:30:25,375  INFO CourseRegistrationOperation,main:58 - Course Prerequisites:- Programming Basic
15:30:25,375  INFO CourseRegistrationOperation,main:59 - Course Professor Id:- 201
15:30:25,375  INFO CourseRegistrationOperation,main:60 - +++++++++++++++++++++++++++++++++++++++++++++++++++++++++
15:30:25,375  INFO CourseRegistrationOperation,main:55 - Course Id:- 403
15:30:25,376  INFO CourseRegistrationOperation,main:56 - Course Name:- Algo
15:30:25,376  INFO CourseRegistrationOperation,main:57 - Course Credits:- 5
15:30:25,376  INFO CourseRegistrationOperation,main:58 - Course Prerequisites:- DS
15:30:25,376  INFO CourseRegistrationOperation,main:59 - Course Professor Id:- 201
15:30:25,376  INFO CourseRegistrationOperation,main:60 - +++++++++++++++++++++++++++++++++++++++++++++++++++++++++
15:30:25,376  INFO CourseRegistrationOperation,main:55 - Course Id:- 404
15:30:25,376  INFO CourseRegistrationOperation,main:56 - Course Name:- Digital Electronis
15:30:25,376  INFO CourseRegistrationOperation,main:57 - Course Credits:- 5
15:30:25,376  INFO CourseRegistrationOperation,main:58 - Course Prerequisites:- NA
15:30:25,376  INFO CourseRegistrationOperation,main:59 - Course Professor Id:- 202
15:30:25,376  INFO CourseRegistrationOperation,main:60 - +++++++++++++++++++++++++++++++++++++++++++++++++++++++++
15:30:25,376  INFO CourseRegistrationOperation,main:55 - Course Id:- 405
15:30:25,377  INFO CourseRegistrationOperation,main:56 - Course Name:- Signal and systems
15:30:25,377  INFO CourseRegistrationOperation,main:57 - Course Credits:- 5
15:30:25,377  INFO CourseRegistrationOperation,main:58 - Course Prerequisites:- NA
15:30:25,377  INFO CourseRegistrationOperation,main:59 - Course Professor Id:- 202
15:30:25,377  INFO CourseRegistrationOperation,main:60 - +++++++++++++++++++++++++++++++++++++++++++++++++++++++++
15:30:25,377  INFO CourseRegistrationOperation,main:55 - Course Id:- 406
15:30:25,377  INFO CourseRegistrationOperation,main:56 - Course Name:- Communication
15:30:25,377  INFO CourseRegistrationOperation,main:57 - Course Credits:- 5
15:30:25,377  INFO CourseRegistrationOperation,main:58 - Course Prerequisites:- NA
15:30:25,377  INFO CourseRegistrationOperation,main:59 - Course Professor Id:- 202
15:30:25,377  INFO CourseRegistrationOperation,main:60 - +++++++++++++++++++++++++++++++++++++++++++++++++++++++++
15:30:25,377  INFO CourseRegistrationOperation,main:55 - Course Id:- 407
15:30:25,378  INFO CourseRegistrationOperation,main:56 - Course Name:- DM
15:30:25,378  INFO CourseRegistrationOperation,main:57 - Course Credits:- 5
15:30:25,378  INFO CourseRegistrationOperation,main:58 - Course Prerequisites:- Basic Maths
15:30:25,378  INFO CourseRegistrationOperation,main:59 - Course Professor Id:- 0
15:30:25,378  INFO CourseRegistrationOperation,main:60 - +++++++++++++++++++++++++++++++++++++++++++++++++++++++++
15:30:25,378  INFO CourseRegistrationOperation,main:55 - Course Id:- 408
15:30:25,378  INFO CourseRegistrationOperation,main:56 - Course Name:- CN
15:30:25,378  INFO CourseRegistrationOperation,main:57 - Course Credits:- 5
15:30:25,378  INFO CourseRegistrationOperation,main:58 - Course Prerequisites:- Basic Maths
15:30:25,378  INFO CourseRegistrationOperation,main:59 - Course Professor Id:- 0
15:30:25,378  INFO CourseRegistrationOperation,main:60 - +++++++++++++++++++++++++++++++++++++++++++++++++++++++++
15:30:25,378  INFO CourseRegistrationOperation,main:55 - Course Id:- 409
15:30:25,378  INFO CourseRegistrationOperation,main:56 - Course Name:- sdd
15:30:25,378  INFO CourseRegistrationOperation,main:57 - Course Credits:- 5
15:30:25,378  INFO CourseRegistrationOperation,main:58 - Course Prerequisites:- NA
15:30:25,378  INFO CourseRegistrationOperation,main:59 - Course Professor Id:- 203
15:30:25,378  INFO CourseRegistrationOperation,main:60 - +++++++++++++++++++++++++++++++++++++++++++++++++++++++++
15:30:31,712  INFO AdminOperation,main:145 - Enter User ID of student: 
15:30:34,807  INFO GradeCardOperation,main:40 - Grade Card
15:30:34,807  INFO GradeCardOperation,main:41 - User ID:-101
15:30:34,807  INFO GradeCardOperation,main:43 - Course ID:-402 Grade:-NA
15:30:34,807  INFO GradeCardOperation,main:43 - Course ID:-403 Grade:-NA
15:30:34,807  INFO GradeCardOperation,main:43 - Course ID:-404 Grade:-NA
15:55:03,858 DEBUG StudentDaoOperation,main:185 - Exception raised: No value specified for parameter 1
15:57:18,209 DEBUG StudentDaoOperation,main:185 - Exception raised: Column 'username' not found.
10:26:58,645  INFO CourseRegistrationOperation,main:215 - Registered Courses
10:26:58,935  INFO CourseRegistrationOperation,main:219 - Course Id:- 401
10:26:58,953  INFO CourseRegistrationOperation,main:220 - Course Name:- Programming Basic
10:26:58,955  INFO CourseRegistrationOperation,main:221 - Course Credits:- 5
10:26:58,957  INFO CourseRegistrationOperation,main:222 - Course Prerequisites:- Basic Maths
10:26:58,958  INFO CourseRegistrationOperation,main:223 - +++++++++++++++++++++++++++++++++++++++++++++++++++++++++
10:26:58,959  INFO CourseRegistrationOperation,main:219 - Course Id:- 402
10:26:58,961  INFO CourseRegistrationOperation,main:220 - Course Name:- DS
10:26:58,966  INFO CourseRegistrationOperation,main:221 - Course Credits:- 5
10:26:58,967  INFO CourseRegistrationOperation,main:222 - Course Prerequisites:- Programming Basic
10:26:58,968  INFO CourseRegistrationOperation,main:223 - +++++++++++++++++++++++++++++++++++++++++++++++++++++++++
10:26:58,970  INFO CourseRegistrationOperation,main:219 - Course Id:- 403
10:26:58,970  INFO CourseRegistrationOperation,main:220 - Course Name:- Algo
10:26:58,971  INFO CourseRegistrationOperation,main:221 - Course Credits:- 5
10:26:58,973  INFO CourseRegistrationOperation,main:222 - Course Prerequisites:- DS
10:26:58,974  INFO CourseRegistrationOperation,main:223 - +++++++++++++++++++++++++++++++++++++++++++++++++++++++++
10:26:58,975  INFO CourseRegistrationOperation,main:219 - Course Id:- 407
10:26:58,976  INFO CourseRegistrationOperation,main:220 - Course Name:- DM
10:26:58,981  INFO CourseRegistrationOperation,main:221 - Course Credits:- 5
10:26:58,983  INFO CourseRegistrationOperation,main:222 - Course Prerequisites:- Basic Maths
10:26:58,984  INFO CourseRegistrationOperation,main:223 - +++++++++++++++++++++++++++++++++++++++++++++++++++++++++
10:27:37,865  INFO CourseRegistrationOperation,main:228 - Enrolled Students
10:27:38,063  INFO CourseRegistrationOperation,main:232 - Course ID:- 401	Course Name:- Programming Basic
10:27:38,309  INFO CourseRegistrationOperation,main:234 - Students:-
10:27:38,313  INFO CourseRegistrationOperation,main:236 - Student ID :- 101
10:27:38,315  INFO CourseRegistrationOperation,main:232 - Course ID:- 402	Course Name:- DS
10:27:38,537  INFO CourseRegistrationOperation,main:234 - Students:-
10:27:38,539  INFO CourseRegistrationOperation,main:236 - Student ID :- 101
10:27:38,539  INFO CourseRegistrationOperation,main:232 - Course ID:- 403	Course Name:- Algo
10:27:38,899  INFO CourseRegistrationOperation,main:234 - Students:-
10:27:38,900  INFO CourseRegistrationOperation,main:236 - Student ID :- 101
10:27:38,901  INFO CourseRegistrationOperation,main:232 - Course ID:- 407	Course Name:- DM
10:27:39,154  INFO CourseRegistrationOperation,main:234 - Students:-
10:28:18,992  INFO GradeCardOperation,main:75 - Enter CourseID
10:28:27,775  INFO GradeCardOperation,main:89 - Enter Student ID
10:28:31,114  INFO GradeCardOperation,main:96 - Enter Grade
14:56:00,652  INFO CourseRegistrationOperation,main:56 - Displaying All Courses
14:56:01,310  INFO CourseRegistrationOperation,main:59 - ---------------------------------------------------------------------------------------------------

14:56:01,311  INFO CourseRegistrationOperation,main:60 - |Course Id            | Course Name          | Course Credits       | Course Prerequisites| Course Professor Id|

14:56:01,312  INFO CourseRegistrationOperation,main:61 - ---------------------------------------------------------------------------------------------------

14:56:01,313  INFO CourseRegistrationOperation,main:64 - |401                  | fsdf                 | 5                    | NA                  |                 203|

14:56:01,313  INFO CourseRegistrationOperation,main:65 - ---------------------------------------------------------------------------------------------------
14:56:01,314  INFO CourseRegistrationOperation,main:64 - |402                  | DS                   | 5                    | Programming Basic   |                 201|

14:56:01,314  INFO CourseRegistrationOperation,main:65 - ---------------------------------------------------------------------------------------------------
14:56:01,315  INFO CourseRegistrationOperation,main:64 - |403                  | Algo                 | 5                    | DS                  |                 201|

14:56:01,315  INFO CourseRegistrationOperation,main:65 - ---------------------------------------------------------------------------------------------------
14:56:01,315  INFO CourseRegistrationOperation,main:64 - |404                  | Digital Electronis   | 5                    | NA                  |                 202|

14:56:01,315  INFO CourseRegistrationOperation,main:65 - ---------------------------------------------------------------------------------------------------
14:56:01,316  INFO CourseRegistrationOperation,main:64 - |405                  | Signal and systems   | 5                    | NA                  |                 202|

14:56:01,316  INFO CourseRegistrationOperation,main:65 - ---------------------------------------------------------------------------------------------------
14:56:01,317  INFO CourseRegistrationOperation,main:64 - |406                  | Communication        | 5                    | NA                  |                 202|

14:56:01,317  INFO CourseRegistrationOperation,main:65 - ---------------------------------------------------------------------------------------------------
14:56:01,318  INFO CourseRegistrationOperation,main:64 - |407                  | DM                   | 5                    | Basic Maths         |                 201|

14:56:01,318  INFO CourseRegistrationOperation,main:65 - ---------------------------------------------------------------------------------------------------
14:56:01,318  INFO CourseRegistrationOperation,main:64 - |408                  | "XYZ"                | 5                    | NA                  |                 203|

14:56:01,319  INFO CourseRegistrationOperation,main:65 - ---------------------------------------------------------------------------------------------------
14:56:42,546  INFO GradeCardOperation,main:40 - Grade Card
14:56:42,547  INFO GradeCardOperation,main:41 - User ID:-101
14:56:42,549  INFO GradeCardOperation,main:42 - ---------------------------------------------------------------------------------------------------

14:56:42,550  INFO GradeCardOperation,main:43 - |Course Id            | Grade               |

14:56:42,550  INFO GradeCardOperation,main:44 - ---------------------------------------------------------------------------------------------------

14:59:33,886  INFO GradeCardOperation,main:40 - Grade Card
14:59:33,892  INFO GradeCardOperation,main:41 - User ID:-101
14:59:33,893  INFO GradeCardOperation,main:42 - ---------------------------------------------------------------------------------------------------

14:59:33,893  INFO GradeCardOperation,main:43 - |Course Id            | Grade               |

14:59:33,894  INFO GradeCardOperation,main:44 - ---------------------------------------------------------------------------------------------------

14:59:33,894  INFO GradeCardOperation,main:47 - |402                  | NA                  |

14:59:33,894  INFO GradeCardOperation,main:47 - |403                  | NA                  |

14:59:33,895  INFO GradeCardOperation,main:47 - |404                  | NA                  |

14:59:33,895  INFO GradeCardOperation,main:47 - |408                  | NA                  |

15:07:40,739  INFO CourseRegistrationOperation,main:163 - Registered Courses
15:07:42,418  INFO CourseRegistrationOperation,main:166 - ---------------------------------------------------------------------------------------------------

15:07:42,418  INFO CourseRegistrationOperation,main:167 - |Course Id            | Course Name          | Course Credits       | Course Prerequisites|

15:07:42,419  INFO CourseRegistrationOperation,main:168 - ---------------------------------------------------------------------------------------------------

15:07:42,420  INFO CourseRegistrationOperation,main:171 - |402                  | DS                   | 5                    | Programming Basic   |

15:07:42,420  INFO CourseRegistrationOperation,main:172 - ---------------------------------------------------------------------------------------------------

15:07:42,420  INFO CourseRegistrationOperation,main:171 - |403                  | Algo                 | 5                    | DS                  |

15:07:42,421  INFO CourseRegistrationOperation,main:172 - ---------------------------------------------------------------------------------------------------

15:07:42,421  INFO CourseRegistrationOperation,main:171 - |407                  | DM                   | 5                    | Basic Maths         |

15:07:42,422  INFO CourseRegistrationOperation,main:172 - ---------------------------------------------------------------------------------------------------

15:07:52,445  INFO CourseRegistrationOperation,main:178 - Enrolled Students
15:07:52,573  INFO CourseRegistrationOperation,main:182 - Course ID:- 402	Course Name:- DS
15:07:52,641  INFO CourseRegistrationOperation,main:184 - Students:-
15:07:52,643  INFO CourseRegistrationOperation,main:186 - Student ID :- 101
15:07:52,646  INFO CourseRegistrationOperation,main:186 - Student ID :- 110
15:07:52,649  INFO CourseRegistrationOperation,main:182 - Course ID:- 403	Course Name:- Algo
15:07:52,733  INFO CourseRegistrationOperation,main:184 - Students:-
15:07:52,734  INFO CourseRegistrationOperation,main:186 - Student ID :- 101
15:07:52,735  INFO CourseRegistrationOperation,main:186 - Student ID :- 102
15:07:52,735  INFO CourseRegistrationOperation,main:186 - Student ID :- 110
15:07:52,735  INFO CourseRegistrationOperation,main:182 - Course ID:- 407	Course Name:- DM
15:07:52,832  INFO CourseRegistrationOperation,main:184 - Students:-
15:16:12,095  INFO CourseRegistrationOperation,main:178 - Enrolled Students
15:16:12,199  INFO CourseRegistrationOperation,main:191 - ---------------------------------------------------------------------------------------------------

15:16:12,200  INFO CourseRegistrationOperation,main:192 - |Course Id            | Course Name          | Student ID           | 

15:16:12,201  INFO CourseRegistrationOperation,main:193 - ---------------------------------------------------------------------------------------------------

15:16:12,203  INFO CourseRegistrationOperation,main:195 - |402                  | DS                   |

15:16:12,260  INFO CourseRegistrationOperation,main:197 - Students:-
15:16:12,261  INFO CourseRegistrationOperation,main:199 - 101                 
15:16:12,262  INFO CourseRegistrationOperation,main:201 - 
---------------------------------------------------------------------------------------------------

15:16:12,262  INFO CourseRegistrationOperation,main:199 - 110                 
15:16:12,263  INFO CourseRegistrationOperation,main:201 - 
---------------------------------------------------------------------------------------------------

15:16:12,263  INFO CourseRegistrationOperation,main:195 - |403                  | Algo                 |

15:16:12,307  INFO CourseRegistrationOperation,main:197 - Students:-
15:16:12,308  INFO CourseRegistrationOperation,main:199 - 101                 
15:16:12,309  INFO CourseRegistrationOperation,main:201 - 
---------------------------------------------------------------------------------------------------

15:16:12,309  INFO CourseRegistrationOperation,main:199 - 102                 
15:16:12,310  INFO CourseRegistrationOperation,main:201 - 
---------------------------------------------------------------------------------------------------

15:16:12,310  INFO CourseRegistrationOperation,main:199 - 110                 
15:16:12,310  INFO CourseRegistrationOperation,main:201 - 
---------------------------------------------------------------------------------------------------

15:16:12,310  INFO CourseRegistrationOperation,main:195 - |407                  | DM                   |

15:16:12,363  INFO CourseRegistrationOperation,main:197 - Students:-
15:16:54,346  INFO CourseRegistrationOperation,main:178 - Enrolled Students
15:16:54,442  INFO CourseRegistrationOperation,main:191 - ---------------------------------------------------------------------------------------------------

15:16:54,443  INFO CourseRegistrationOperation,main:192 - |Course Id            | Course Name          | Student ID           | 

15:16:54,443  INFO CourseRegistrationOperation,main:193 - ---------------------------------------------------------------------------------------------------

15:16:54,444  INFO CourseRegistrationOperation,main:195 - |402                  | DS                   |

15:16:54,493  INFO CourseRegistrationOperation,main:198 - 101                 
15:16:54,494  INFO CourseRegistrationOperation,main:200 - 
---------------------------------------------------------------------------------------------------

15:16:54,495  INFO CourseRegistrationOperation,main:198 - 110                 
15:16:54,495  INFO CourseRegistrationOperation,main:200 - 
---------------------------------------------------------------------------------------------------

15:16:54,496  INFO CourseRegistrationOperation,main:195 - |403                  | Algo                 |

15:16:54,538  INFO CourseRegistrationOperation,main:198 - 101                 
15:16:54,538  INFO CourseRegistrationOperation,main:200 - 
---------------------------------------------------------------------------------------------------

15:16:54,539  INFO CourseRegistrationOperation,main:198 - 102                 
15:16:54,539  INFO CourseRegistrationOperation,main:200 - 
---------------------------------------------------------------------------------------------------

15:16:54,539  INFO CourseRegistrationOperation,main:198 - 110                 
15:16:54,541  INFO CourseRegistrationOperation,main:200 - 
---------------------------------------------------------------------------------------------------

15:16:54,542  INFO CourseRegistrationOperation,main:195 - |407                  | DM                   |

15:17:51,852  INFO CourseRegistrationOperation,main:178 - Enrolled Students
15:17:51,921  INFO CourseRegistrationOperation,main:191 - ---------------------------------------------------------------------------------------------------

15:17:51,922  INFO CourseRegistrationOperation,main:192 - |Course Id            | Course Name          | Student ID           | 

15:17:51,922  INFO CourseRegistrationOperation,main:193 - ---------------------------------------------------------------------------------------------------

15:17:51,923  INFO CourseRegistrationOperation,main:195 - |402                  | DS                   |

15:17:51,958  INFO CourseRegistrationOperation,main:198 - 101                 
15:17:51,959  INFO CourseRegistrationOperation,main:198 - 110                 
15:17:51,959  INFO CourseRegistrationOperation,main:201 - 
---------------------------------------------------------------------------------------------------

15:17:51,960  INFO CourseRegistrationOperation,main:195 - |403                  | Algo                 |

15:17:51,995  INFO CourseRegistrationOperation,main:198 - 101                 
15:17:51,996  INFO CourseRegistrationOperation,main:198 - 102                 
15:17:51,996  INFO CourseRegistrationOperation,main:198 - 110                 
15:17:51,996  INFO CourseRegistrationOperation,main:201 - 
---------------------------------------------------------------------------------------------------

15:17:51,997  INFO CourseRegistrationOperation,main:195 - |407                  | DM                   |

15:17:52,034  INFO CourseRegistrationOperation,main:201 - 
---------------------------------------------------------------------------------------------------

15:19:03,622  INFO CourseRegistrationOperation,main:178 - Enrolled Students
15:19:03,670  INFO CourseRegistrationOperation,main:191 - ---------------------------------------------------------------------------------------------------

15:19:03,671  INFO CourseRegistrationOperation,main:192 - |Course Id            | Course Name          | Student ID           | 

15:19:03,671  INFO CourseRegistrationOperation,main:193 - ---------------------------------------------------------------------------------------------------

15:19:03,672  INFO CourseRegistrationOperation,main:195 - |402                  | DS                   |

15:19:44,502  INFO CourseRegistrationOperation,main:178 - Enrolled Students
15:19:44,569  INFO CourseRegistrationOperation,main:191 - ---------------------------------------------------------------------------------------------------

15:19:44,571  INFO CourseRegistrationOperation,main:192 - |Course Id            | Course Name          | Student ID           | 

15:19:44,571  INFO CourseRegistrationOperation,main:193 - ---------------------------------------------------------------------------------------------------

15:19:44,572  INFO CourseRegistrationOperation,main:195 - |402                  | DS                   |

15:19:44,603  INFO CourseRegistrationOperation,main:202 - 
---------------------------------------------------------------------------------------------------

15:19:44,604  INFO CourseRegistrationOperation,main:195 - |403                  | Algo                 |

15:19:44,632  INFO CourseRegistrationOperation,main:202 - 
---------------------------------------------------------------------------------------------------

15:19:44,634  INFO CourseRegistrationOperation,main:195 - |407                  | DM                   |

15:19:44,664  INFO CourseRegistrationOperation,main:202 - 
---------------------------------------------------------------------------------------------------

15:20:56,585  INFO CourseRegistrationOperation,main:178 - Enrolled Students
15:20:56,656  INFO CourseRegistrationOperation,main:191 - ---------------------------------------------------------------------------------------------------

15:20:56,657  INFO CourseRegistrationOperation,main:192 - |Course Id            | Course Name          | Student ID           | 

15:20:56,657  INFO CourseRegistrationOperation,main:193 - ---------------------------------------------------------------------------------------------------

15:20:56,658  INFO CourseRegistrationOperation,main:195 - |402                  | DS                   |

15:20:56,707  INFO CourseRegistrationOperation,main:202 - 
---------------------------------------------------------------------------------------------------

15:20:56,707  INFO CourseRegistrationOperation,main:195 - |403                  | Algo                 |

15:20:56,749  INFO CourseRegistrationOperation,main:202 - 
---------------------------------------------------------------------------------------------------

15:20:56,749  INFO CourseRegistrationOperation,main:195 - |407                  | DM                   |

15:20:56,791  INFO CourseRegistrationOperation,main:202 - 
---------------------------------------------------------------------------------------------------

15:21:45,953  INFO CourseRegistrationOperation,main:178 - Enrolled Students
15:21:46,021  INFO CourseRegistrationOperation,main:191 - ---------------------------------------------------------------------------------------------------

15:21:46,022  INFO CourseRegistrationOperation,main:192 - |Course Id            | Course Name          | Student ID           | 

15:21:46,023  INFO CourseRegistrationOperation,main:193 - ---------------------------------------------------------------------------------------------------

15:21:46,023  INFO CourseRegistrationOperation,main:195 - |402                  | DS                   |

15:21:46,058  INFO CourseRegistrationOperation,main:202 - 
---------------------------------------------------------------------------------------------------

15:21:46,059  INFO CourseRegistrationOperation,main:195 - |403                  | Algo                 |

15:21:46,098  INFO CourseRegistrationOperation,main:202 - 
---------------------------------------------------------------------------------------------------

15:21:46,099  INFO CourseRegistrationOperation,main:195 - |407                  | DM                   |

15:21:46,134  INFO CourseRegistrationOperation,main:202 - 
---------------------------------------------------------------------------------------------------

15:27:02,375  INFO CourseRegistrationOperation,main:25 - You are approved by Admin. Now you can enroll for courses
15:33:21,410  INFO CourseRegistrationOperation,main:56 - Displaying All Courses
15:33:21,688  INFO CourseRegistrationOperation,main:59 - ---------------------------------------------------------------------------------------------------

15:33:21,688  INFO CourseRegistrationOperation,main:60 - |Course Id            | Course Name          | Course Credits       | Course Prerequisites| Course Professor Id|

15:33:21,689  INFO CourseRegistrationOperation,main:61 - ---------------------------------------------------------------------------------------------------

15:33:21,690  INFO CourseRegistrationOperation,main:64 - |401                  | fsdf                 | 5                    | NA                  |                 203|

15:33:21,690  INFO CourseRegistrationOperation,main:65 - ---------------------------------------------------------------------------------------------------
15:33:21,690  INFO CourseRegistrationOperation,main:64 - |402                  | DS                   | 5                    | Programming Basic   |                 201|

15:33:21,690  INFO CourseRegistrationOperation,main:65 - ---------------------------------------------------------------------------------------------------
15:33:21,691  INFO CourseRegistrationOperation,main:64 - |403                  | Algo                 | 5                    | DS                  |                 201|

15:33:21,691  INFO CourseRegistrationOperation,main:65 - ---------------------------------------------------------------------------------------------------
15:33:21,691  INFO CourseRegistrationOperation,main:64 - |404                  | Digital Electronis   | 5                    | NA                  |                 202|

15:33:21,692  INFO CourseRegistrationOperation,main:65 - ---------------------------------------------------------------------------------------------------
15:33:21,692  INFO CourseRegistrationOperation,main:64 - |405                  | Signal and systems   | 5                    | NA                  |                 202|

15:33:21,693  INFO CourseRegistrationOperation,main:65 - ---------------------------------------------------------------------------------------------------
15:33:21,693  INFO CourseRegistrationOperation,main:64 - |406                  | Communication        | 5                    | NA                  |                 202|

15:33:21,694  INFO CourseRegistrationOperation,main:65 - ---------------------------------------------------------------------------------------------------
15:33:21,694  INFO CourseRegistrationOperation,main:64 - |407                  | DM                   | 5                    | Basic Maths         |                 201|

15:33:21,694  INFO CourseRegistrationOperation,main:65 - ---------------------------------------------------------------------------------------------------
15:33:21,694  INFO CourseRegistrationOperation,main:64 - |408                  | "XYZ"                | 5                    | NA                  |                 203|

15:33:21,695  INFO CourseRegistrationOperation,main:65 - ---------------------------------------------------------------------------------------------------
15:33:31,588  INFO CourseRegistrationOperation,main:38 - Register Courses for User 101
15:33:31,654  INFO CourseRegistrationOperation,main:47 - |                 402|                  DS|

15:33:31,690  INFO CourseRegistrationOperation,main:47 - |                 403|                Algo|

15:33:31,719  INFO CourseRegistrationOperation,main:47 - |                 404|  Digital Electronis|

15:33:31,747  INFO CourseRegistrationOperation,main:47 - |                 408|               "XYZ"|

15:33:31,748  INFO CourseRegistrationOperation,main:51 - -------------------------------------------------------------------------------------------
15:33:38,988  INFO GradeCardOperation,main:40 - Grade Card
15:33:38,988  INFO GradeCardOperation,main:41 - User ID:-101
15:33:38,988  INFO GradeCardOperation,main:42 - ---------------------------------------------------------------------------------------------------

15:33:38,989  INFO GradeCardOperation,main:43 - |Course Id            | Grade               |

15:33:38,989  INFO GradeCardOperation,main:44 - ---------------------------------------------------------------------------------------------------

15:33:38,989  INFO GradeCardOperation,main:47 - |402                  | NA                  |

15:33:38,989  INFO GradeCardOperation,main:47 - |403                  | NA                  |

15:33:38,989  INFO GradeCardOperation,main:47 - |404                  | NA                  |

15:33:38,990  INFO GradeCardOperation,main:47 - |408                  | NA                  |

16:37:23,272  INFO CourseRegistrationOperation,main:178 - Enrolled Students
16:37:23,349  INFO CourseRegistrationOperation,main:191 - ---------------------------------------------------------------------------------------------------

16:37:23,349  INFO CourseRegistrationOperation,main:192 - |Course Id            | Course Name          | Student ID           | 

16:37:23,350  INFO CourseRegistrationOperation,main:193 - ---------------------------------------------------------------------------------------------------

16:37:23,350  INFO CourseRegistrationOperation,main:195 - |402                  | DS                   |

16:37:23,383  INFO CourseRegistrationOperation,main:202 - 
---------------------------------------------------------------------------------------------------

16:37:23,384  INFO CourseRegistrationOperation,main:195 - |403                  | Algo                 |

16:37:23,417  INFO CourseRegistrationOperation,main:202 - 
---------------------------------------------------------------------------------------------------

16:37:23,418  INFO CourseRegistrationOperation,main:195 - |407                  | DM                   |

16:37:23,444  INFO CourseRegistrationOperation,main:202 - 
---------------------------------------------------------------------------------------------------

16:39:37,585  INFO CourseRegistrationOperation,main:178 - Enrolled Students
16:39:37,652  INFO CourseRegistrationOperation,main:191 - ---------------------------------------------------------------------------------------------------

16:39:37,653  INFO CourseRegistrationOperation,main:192 - |Course Id            | Course Name          | Student ID           | 

16:39:37,653  INFO CourseRegistrationOperation,main:193 - ---------------------------------------------------------------------------------------------------

16:39:37,654  INFO CourseRegistrationOperation,main:195 - |402                  | DS                   |
16:39:37,695  INFO CourseRegistrationOperation,main:202 - 
---------------------------------------------------------------------------------------------------

16:39:37,696  INFO CourseRegistrationOperation,main:195 - |403                  | Algo                 |
16:39:37,738  INFO CourseRegistrationOperation,main:202 - 
---------------------------------------------------------------------------------------------------

16:39:37,739  INFO CourseRegistrationOperation,main:195 - |407                  | DM                   |
16:39:37,788  INFO CourseRegistrationOperation,main:202 - 
---------------------------------------------------------------------------------------------------

16:42:10,913  INFO CourseRegistrationOperation,main:178 - Enrolled Students
16:42:10,958  INFO CourseRegistrationOperation,main:191 - ---------------------------------------------------------------------------------------------------

16:42:10,959  INFO CourseRegistrationOperation,main:192 - |Course Id            | Course Name          | Student ID           | 

16:42:10,959  INFO CourseRegistrationOperation,main:193 - ---------------------------------------------------------------------------------------------------

16:42:10,989  INFO CourseRegistrationOperation,main:202 - |402                  | DS                   | 101,110,             |
16:42:10,989  INFO CourseRegistrationOperation,main:203 - 
---------------------------------------------------------------------------------------------------

16:42:11,019  INFO CourseRegistrationOperation,main:202 - |403                  | Algo                 | 101,102,110,         |
16:42:11,020  INFO CourseRegistrationOperation,main:203 - 
---------------------------------------------------------------------------------------------------

16:42:11,057  INFO CourseRegistrationOperation,main:202 - |407                  | DM                   |                      |
16:42:11,057  INFO CourseRegistrationOperation,main:203 - 
---------------------------------------------------------------------------------------------------

16:44:03,654  INFO CourseRegistrationOperation,main:178 - Enrolled Students
16:44:03,707  INFO CourseRegistrationOperation,main:191 - ---------------------------------------------------------------------------------------------------

16:44:03,709  INFO CourseRegistrationOperation,main:192 - |Course Id            | Course Name          | Student ID           | 

16:44:03,709  INFO CourseRegistrationOperation,main:193 - ---------------------------------------------------------------------------------------------------

16:44:03,740  INFO CourseRegistrationOperation,main:203 - |402                  | DS                   | 101,110              |
16:44:03,741  INFO CourseRegistrationOperation,main:204 - 
---------------------------------------------------------------------------------------------------

16:44:03,775  INFO CourseRegistrationOperation,main:203 - |403                  | Algo                 | 101,102,110          |
16:44:03,776  INFO CourseRegistrationOperation,main:204 - 
---------------------------------------------------------------------------------------------------

16:45:03,939  INFO CourseRegistrationOperation,main:178 - Enrolled Students
16:45:03,979  INFO CourseRegistrationOperation,main:191 - ---------------------------------------------------------------------------------------------------

16:45:03,979  INFO CourseRegistrationOperation,main:192 - |Course Id            | Course Name          | Student ID           | 

16:45:03,979  INFO CourseRegistrationOperation,main:193 - ---------------------------------------------------------------------------------------------------

16:45:04,018  INFO CourseRegistrationOperation,main:204 - |402                  | DS                   | 101,110              |
16:45:04,019  INFO CourseRegistrationOperation,main:205 - 
---------------------------------------------------------------------------------------------------

16:45:04,054  INFO CourseRegistrationOperation,main:204 - |403                  | Algo                 | 101,102,110          |
16:45:04,054  INFO CourseRegistrationOperation,main:205 - 
---------------------------------------------------------------------------------------------------

16:45:04,089  INFO CourseRegistrationOperation,main:204 - |407                  | DM                   |                      |
16:45:04,089  INFO CourseRegistrationOperation,main:205 - 
---------------------------------------------------------------------------------------------------

